<?xml version="1.0" encoding="utf-8" standalone="no"?>
<!--This file represents the results of running a test suite-->
<test-results name="C:\Users\Audrey\Documents\Mes Documents\BtsSio\ProjetsBTS\PPE\clotureFichesGSB\dll\nunit.framework.dll" total="0" errors="0" failures="0" not-run="0" inconclusive="0" ignored="0" skipped="0" invalid="0" date="2016-04-28" time="23:39:17">
  <environment nunit-version="2.6.4.14350" clr-version="2.0.50727.8009" os-version="Microsoft Windows NT 6.2.9200.0" platform="Win32NT" cwd="C:\Program Files (x86)\NUnit 2.6.4\bin" machine-name="SHANDO" user="Session principale" user-domain="Shando" />
  <culture-info current-culture="fr-FR" current-uiculture="fr-FR" />
  <test-suite type="Assembly" name="C:\Users\Audrey\Documents\Mes Documents\BtsSio\ProjetsBTS\PPE\clotureFichesGSB\dll\nunit.framework.dll" executed="True" result="Inconclusive" success="False" time="0.020" asserts="0" />
</test-results>