<?xml version="1.0" encoding="utf-8" standalone="no"?>
<!--This file represents the results of running a test suite-->
<test-results name="C:\Users\Audrey\Documents\Mes Documents\BtsSio\ProjetsBTS\PPE\clotureFichesGSB\NUnit\bin\Debug\NUnit.exe" total="22" errors="22" failures="0" not-run="0" inconclusive="0" ignored="0" skipped="0" invalid="0" date="2016-05-01" time="03:13:15">
  <environment nunit-version="2.5.10.11092" clr-version="4.0.30319.34014" os-version="Microsoft Windows NT 6.3.9600.0" platform="Win32NT" cwd="C:\Users\Audrey\Documents\Mes Documents\BtsSio\ProjetsBTS\PPE\clotureFichesGSB\NUnit\bin\Debug" machine-name="SHANDO" user="Session principale" user-domain="Shando" />
  <culture-info current-culture="fr-FR" current-uiculture="fr-FR" />
  <test-suite type="Assembly" name="C:\Users\Audrey\Documents\Mes Documents\BtsSio\ProjetsBTS\PPE\clotureFichesGSB\NUnit\bin\Debug\NUnit.exe" executed="True" result="Failure" success="False" time="0.832" asserts="0">
    <results>
      <test-suite type="Namespace" name="NUnit" executed="True" result="Failure" success="False" time="0.829" asserts="0">
        <results>
          <test-suite type="TestFixture" name="AccesDonneesTests" executed="True" result="Failure" success="False" time="0.176" asserts="0">
            <results>
              <test-case name="NUnit.AccesDonneesTests.getDatabase" executed="True" result="Error" success="False" time="0.062" asserts="0">
                <failure>
                  <message><![CDATA[System.BadImageFormatException : Impossible de charger le fichier ou l'assembly 'clotureFichesGSB, Version=0.0.0.0, Culture=neutral, PublicKeyToken=null' ou une de ses dépendances. Tentative de chargement d’un programme de format incorrect.]]></message>
                  <stack-trace><![CDATA[à NUnit.AccesDonneesTests.getDatabase()
]]></stack-trace>
                </failure>
              </test-case>
              <test-case name="NUnit.AccesDonneesTests.getHost" executed="True" result="Error" success="False" time="0.034" asserts="0">
                <failure>
                  <message><![CDATA[System.BadImageFormatException : Impossible de charger le fichier ou l'assembly 'clotureFichesGSB, Version=0.0.0.0, Culture=neutral, PublicKeyToken=null' ou une de ses dépendances. Tentative de chargement d’un programme de format incorrect.]]></message>
                  <stack-trace><![CDATA[à NUnit.AccesDonneesTests.getHost()
]]></stack-trace>
                </failure>
              </test-case>
              <test-case name="NUnit.AccesDonneesTests.getPassword" executed="True" result="Error" success="False" time="0.038" asserts="0">
                <failure>
                  <message><![CDATA[System.BadImageFormatException : Impossible de charger le fichier ou l'assembly 'clotureFichesGSB, Version=0.0.0.0, Culture=neutral, PublicKeyToken=null' ou une de ses dépendances. Tentative de chargement d’un programme de format incorrect.]]></message>
                  <stack-trace><![CDATA[à NUnit.AccesDonneesTests.getPassword()
]]></stack-trace>
                </failure>
              </test-case>
              <test-case name="NUnit.AccesDonneesTests.getUser" executed="True" result="Error" success="False" time="0.033" asserts="0">
                <failure>
                  <message><![CDATA[System.BadImageFormatException : Impossible de charger le fichier ou l'assembly 'clotureFichesGSB, Version=0.0.0.0, Culture=neutral, PublicKeyToken=null' ou une de ses dépendances. Tentative de chargement d’un programme de format incorrect.]]></message>
                  <stack-trace><![CDATA[à NUnit.AccesDonneesTests.getUser()
]]></stack-trace>
                </failure>
              </test-case>
            </results>
          </test-suite>
          <test-suite type="TestFixture" name="ConversionTests" executed="True" result="Failure" success="False" time="0.071" asserts="0">
            <results>
              <test-case name="NUnit.ConversionTests.dateVersStringAnnee" executed="True" result="Error" success="False" time="0.036" asserts="0">
                <failure>
                  <message><![CDATA[System.BadImageFormatException : Impossible de charger le fichier ou l'assembly 'clotureFichesGSB, Version=0.0.0.0, Culture=neutral, PublicKeyToken=null' ou une de ses dépendances. Tentative de chargement d’un programme de format incorrect.]]></message>
                  <stack-trace><![CDATA[à NUnit.ConversionTests.dateVersStringAnnee()
]]></stack-trace>
                </failure>
              </test-case>
              <test-case name="NUnit.ConversionTests.dateVersStringMois" executed="True" result="Error" success="False" time="0.034" asserts="0">
                <failure>
                  <message><![CDATA[System.BadImageFormatException : Impossible de charger le fichier ou l'assembly 'clotureFichesGSB, Version=0.0.0.0, Culture=neutral, PublicKeyToken=null' ou une de ses dépendances. Tentative de chargement d’un programme de format incorrect.]]></message>
                  <stack-trace><![CDATA[à NUnit.ConversionTests.dateVersStringMois()
]]></stack-trace>
                </failure>
              </test-case>
            </results>
          </test-suite>
          <test-suite type="TestFixture" name="GestionDatesTests" executed="True" result="Failure" success="False" time="0.580" asserts="0">
            <results>
              <test-case name="NUnit.GestionDatesTests.entreTest1" executed="True" result="Error" success="False" time="0.033" asserts="0">
                <failure>
                  <message><![CDATA[System.BadImageFormatException : Impossible de charger le fichier ou l'assembly 'clotureFichesGSB, Version=0.0.0.0, Culture=neutral, PublicKeyToken=null' ou une de ses dépendances. Tentative de chargement d’un programme de format incorrect.]]></message>
                  <stack-trace><![CDATA[à NUnit.GestionDatesTests.entreTest1()
]]></stack-trace>
                </failure>
              </test-case>
              <test-case name="NUnit.GestionDatesTests.entreTest2" executed="True" result="Error" success="False" time="0.037" asserts="0">
                <failure>
                  <message><![CDATA[System.BadImageFormatException : Impossible de charger le fichier ou l'assembly 'clotureFichesGSB, Version=0.0.0.0, Culture=neutral, PublicKeyToken=null' ou une de ses dépendances. Tentative de chargement d’un programme de format incorrect.]]></message>
                  <stack-trace><![CDATA[à NUnit.GestionDatesTests.entreTest2()
]]></stack-trace>
                </failure>
              </test-case>
              <test-case name="NUnit.GestionDatesTests.entreTest3" executed="True" result="Error" success="False" time="0.033" asserts="0">
                <failure>
                  <message><![CDATA[System.BadImageFormatException : Impossible de charger le fichier ou l'assembly 'clotureFichesGSB, Version=0.0.0.0, Culture=neutral, PublicKeyToken=null' ou une de ses dépendances. Tentative de chargement d’un programme de format incorrect.]]></message>
                  <stack-trace><![CDATA[à NUnit.GestionDatesTests.entreTest3()
]]></stack-trace>
                </failure>
              </test-case>
              <test-case name="NUnit.GestionDatesTests.entreTest4" executed="True" result="Error" success="False" time="0.037" asserts="0">
                <failure>
                  <message><![CDATA[System.BadImageFormatException : Impossible de charger le fichier ou l'assembly 'clotureFichesGSB, Version=0.0.0.0, Culture=neutral, PublicKeyToken=null' ou une de ses dépendances. Tentative de chargement d’un programme de format incorrect.]]></message>
                  <stack-trace><![CDATA[à NUnit.GestionDatesTests.entreTest4()
]]></stack-trace>
                </failure>
              </test-case>
              <test-case name="NUnit.GestionDatesTests.getAnneePrecedentTest1" executed="True" result="Error" success="False" time="0.034" asserts="0">
                <failure>
                  <message><![CDATA[System.BadImageFormatException : Impossible de charger le fichier ou l'assembly 'clotureFichesGSB, Version=0.0.0.0, Culture=neutral, PublicKeyToken=null' ou une de ses dépendances. Tentative de chargement d’un programme de format incorrect.]]></message>
                  <stack-trace><![CDATA[à NUnit.GestionDatesTests.getAnneePrecedentTest1()
]]></stack-trace>
                </failure>
              </test-case>
              <test-case name="NUnit.GestionDatesTests.getAnneePrecedentTest2" executed="True" result="Error" success="False" time="0.036" asserts="0">
                <failure>
                  <message><![CDATA[System.BadImageFormatException : Impossible de charger le fichier ou l'assembly 'clotureFichesGSB, Version=0.0.0.0, Culture=neutral, PublicKeyToken=null' ou une de ses dépendances. Tentative de chargement d’un programme de format incorrect.]]></message>
                  <stack-trace><![CDATA[à NUnit.GestionDatesTests.getAnneePrecedentTest2()
]]></stack-trace>
                </failure>
              </test-case>
              <test-case name="NUnit.GestionDatesTests.getAnneePrecedentTest3" executed="True" result="Error" success="False" time="0.034" asserts="0">
                <failure>
                  <message><![CDATA[System.BadImageFormatException : Impossible de charger le fichier ou l'assembly 'clotureFichesGSB, Version=0.0.0.0, Culture=neutral, PublicKeyToken=null' ou une de ses dépendances. Tentative de chargement d’un programme de format incorrect.]]></message>
                  <stack-trace><![CDATA[à NUnit.GestionDatesTests.getAnneePrecedentTest3()
]]></stack-trace>
                </failure>
              </test-case>
              <test-case name="NUnit.GestionDatesTests.getMoisAnneePrecedentTest1" executed="True" result="Error" success="False" time="0.038" asserts="0">
                <failure>
                  <message><![CDATA[System.BadImageFormatException : Impossible de charger le fichier ou l'assembly 'clotureFichesGSB, Version=0.0.0.0, Culture=neutral, PublicKeyToken=null' ou une de ses dépendances. Tentative de chargement d’un programme de format incorrect.]]></message>
                  <stack-trace><![CDATA[à NUnit.GestionDatesTests.getMoisAnneePrecedentTest1()
]]></stack-trace>
                </failure>
              </test-case>
              <test-case name="NUnit.GestionDatesTests.getMoisAnneePrecedentTest2" executed="True" result="Error" success="False" time="0.038" asserts="0">
                <failure>
                  <message><![CDATA[System.BadImageFormatException : Impossible de charger le fichier ou l'assembly 'clotureFichesGSB, Version=0.0.0.0, Culture=neutral, PublicKeyToken=null' ou une de ses dépendances. Tentative de chargement d’un programme de format incorrect.]]></message>
                  <stack-trace><![CDATA[à NUnit.GestionDatesTests.getMoisAnneePrecedentTest2()
]]></stack-trace>
                </failure>
              </test-case>
              <test-case name="NUnit.GestionDatesTests.getMoisAnneePrecedentTest3" executed="True" result="Error" success="False" time="0.037" asserts="0">
                <failure>
                  <message><![CDATA[System.BadImageFormatException : Impossible de charger le fichier ou l'assembly 'clotureFichesGSB, Version=0.0.0.0, Culture=neutral, PublicKeyToken=null' ou une de ses dépendances. Tentative de chargement d’un programme de format incorrect.]]></message>
                  <stack-trace><![CDATA[à NUnit.GestionDatesTests.getMoisAnneePrecedentTest3()
]]></stack-trace>
                </failure>
              </test-case>
              <test-case name="NUnit.GestionDatesTests.getMoisPrecedentTest1" executed="True" result="Error" success="False" time="0.034" asserts="0">
                <failure>
                  <message><![CDATA[System.BadImageFormatException : Impossible de charger le fichier ou l'assembly 'clotureFichesGSB, Version=0.0.0.0, Culture=neutral, PublicKeyToken=null' ou une de ses dépendances. Tentative de chargement d’un programme de format incorrect.]]></message>
                  <stack-trace><![CDATA[à NUnit.GestionDatesTests.getMoisPrecedentTest1()
]]></stack-trace>
                </failure>
              </test-case>
              <test-case name="NUnit.GestionDatesTests.getMoisPrecedentTest2" executed="True" result="Error" success="False" time="0.038" asserts="0">
                <failure>
                  <message><![CDATA[System.BadImageFormatException : Impossible de charger le fichier ou l'assembly 'clotureFichesGSB, Version=0.0.0.0, Culture=neutral, PublicKeyToken=null' ou une de ses dépendances. Tentative de chargement d’un programme de format incorrect.]]></message>
                  <stack-trace><![CDATA[à NUnit.GestionDatesTests.getMoisPrecedentTest2()
]]></stack-trace>
                </failure>
              </test-case>
              <test-case name="NUnit.GestionDatesTests.getMoisPrecedentTest3" executed="True" result="Error" success="False" time="0.033" asserts="0">
                <failure>
                  <message><![CDATA[System.BadImageFormatException : Impossible de charger le fichier ou l'assembly 'clotureFichesGSB, Version=0.0.0.0, Culture=neutral, PublicKeyToken=null' ou une de ses dépendances. Tentative de chargement d’un programme de format incorrect.]]></message>
                  <stack-trace><![CDATA[à NUnit.GestionDatesTests.getMoisPrecedentTest3()
]]></stack-trace>
                </failure>
              </test-case>
              <test-case name="NUnit.GestionDatesTests.getMoisSuivantTest1" executed="True" result="Error" success="False" time="0.036" asserts="0">
                <failure>
                  <message><![CDATA[System.BadImageFormatException : Impossible de charger le fichier ou l'assembly 'clotureFichesGSB, Version=0.0.0.0, Culture=neutral, PublicKeyToken=null' ou une de ses dépendances. Tentative de chargement d’un programme de format incorrect.]]></message>
                  <stack-trace><![CDATA[à NUnit.GestionDatesTests.getMoisSuivantTest1()
]]></stack-trace>
                </failure>
              </test-case>
              <test-case name="NUnit.GestionDatesTests.getMoisSuivantTest2" executed="True" result="Error" success="False" time="0.033" asserts="0">
                <failure>
                  <message><![CDATA[System.BadImageFormatException : Impossible de charger le fichier ou l'assembly 'clotureFichesGSB, Version=0.0.0.0, Culture=neutral, PublicKeyToken=null' ou une de ses dépendances. Tentative de chargement d’un programme de format incorrect.]]></message>
                  <stack-trace><![CDATA[à NUnit.GestionDatesTests.getMoisSuivantTest2()
]]></stack-trace>
                </failure>
              </test-case>
              <test-case name="NUnit.GestionDatesTests.getMoisSuivantTest3" executed="True" result="Error" success="False" time="0.036" asserts="0">
                <failure>
                  <message><![CDATA[System.BadImageFormatException : Impossible de charger le fichier ou l'assembly 'clotureFichesGSB, Version=0.0.0.0, Culture=neutral, PublicKeyToken=null' ou une de ses dépendances. Tentative de chargement d’un programme de format incorrect.]]></message>
                  <stack-trace><![CDATA[à NUnit.GestionDatesTests.getMoisSuivantTest3()
]]></stack-trace>
                </failure>
              </test-case>
            </results>
          </test-suite>
        </results>
      </test-suite>
    </results>
  </test-suite>
</test-results>