<?xml version="1.0" encoding="utf-8" standalone="no"?>
<!--This file represents the results of running a test suite-->
<test-results name="C:\Users\Audrey\Documents\Mes Documents\BtsSio\ProjetsBTS\PPE\clotureFichesGSB\NUnit\bin\Debug\NUnit.dll" total="1" errors="1" failures="0" not-run="0" inconclusive="0" ignored="0" skipped="0" invalid="0" date="2016-04-29" time="18:17:32">
  <environment nunit-version="2.6.4.14350" clr-version="2.0.50727.8009" os-version="Microsoft Windows NT 6.2.9200.0" platform="Win32NT" cwd="C:\Program Files (x86)\NUnit 2.6.4\bin" machine-name="SHANDO" user="Session principale" user-domain="Shando" />
  <culture-info current-culture="fr-FR" current-uiculture="fr-FR" />
  <test-suite type="Assembly" name="C:\Users\Audrey\Documents\Mes Documents\BtsSio\ProjetsBTS\PPE\clotureFichesGSB\NUnit\bin\Debug\NUnit.dll" executed="True" result="Failure" success="False" time="0.067" asserts="0">
    <results>
      <test-suite type="Namespace" name="NUnit" executed="True" result="Failure" success="False" time="0.050" asserts="0">
        <results>
          <test-suite type="TestFixture" name="TestsBDD" executed="True" result="Failure" success="False" time="0.047" asserts="0">
            <results>
              <test-case name="NUnit.TestsBDD.testConnexion" executed="True" result="Error" success="False" time="0.032" asserts="0">
                <failure>
                  <message><![CDATA[System.BadImageFormatException : Impossible de charger le fichier ou l'assembly 'clotureFichesGSB, Version=0.0.0.0, Culture=neutral, PublicKeyToken=null' ou une de ses dépendances. Tentative de chargement d’un programme de format incorrect.]]></message>
                  <stack-trace><![CDATA[à NUnit.TestsBDD.testConnexion()
]]></stack-trace>
                </failure>
              </test-case>
            </results>
          </test-suite>
        </results>
      </test-suite>
    </results>
  </test-suite>
</test-results>